  BodyRB.cpp
  Brake.cpp
  Car.cpp
  CarCamera.cpp
  CarSelectScene.cpp
  EnvCamera.cpp
  Field.cpp
  GameManager.cpp
  GameScene.cpp
  Main.cpp
  Meter.cpp
  Model.cpp
  RenderManager.cpp
  Scene.cpp
  ShadowCamera.cpp
  Sky.cpp
  SmokeManager.cpp
  TireRB.cpp
  コード生成しています。
  27 of 3650 functions ( 0.7%) were compiled, the rest were copied from previous compilation.
    4 functions were new in current compilation
    57 functions had inline decision re-evaluated but remain unchanged
  コード生成が終了しました。
  KurumaSimulator.vcxproj -> C:\Users\muras\Desktop\KurumaSim\KurumaSimulator.exe
