c:\users\muras\desktop\kurumasim\kurumasimulator\x64\release\kurumasimulator.pch
c:\users\muras\desktop\kurumasim\kurumasimulator\x64\release\vc145.pdb
c:\users\muras\desktop\kurumasim\kurumasimulator\x64\release\pch.obj
c:\users\muras\desktop\kurumasim\kurumasimulator\x64\release\imgui_draw.obj
c:\users\muras\desktop\kurumasim\kurumasimulator\x64\release\brake.obj
c:\users\muras\desktop\kurumasim\kurumasimulator\x64\release\carcamera.obj
c:\users\muras\desktop\kurumasim\kurumasimulator\x64\release\field.obj
c:\users\muras\desktop\kurumasim\kurumasimulator\x64\release\main.obj
c:\users\muras\desktop\kurumasim\kurumasimulator\x64\release\rendermanager.obj
c:\users\muras\desktop\kurumasim\kurumasimulator\x64\release\transmission.obj
c:\users\muras\desktop\kurumasim\kurumasimulator\x64\release\imgui_impl_dx12.obj
c:\users\muras\desktop\kurumasim\kurumasimulator\x64\release\imgui_impl_win32.obj
c:\users\muras\desktop\kurumasim\kurumasimulator\x64\release\imgui_widgets.obj
c:\users\muras\desktop\kurumasim\kurumasimulator\x64\release\clutch.obj
c:\users\muras\desktop\kurumasim\kurumasimulator\x64\release\ddstextureloader12.obj
c:\users\muras\desktop\kurumasim\kurumasimulator\x64\release\gamemanager.obj
c:\users\muras\desktop\kurumasim\kurumasimulator\x64\release\model.obj
c:\users\muras\desktop\kurumasim\kurumasimulator\x64\release\soundmanager.obj
c:\users\muras\desktop\kurumasim\kurumasimulator\x64\release\tirerb.obj
c:\users\muras\desktop\kurumasim\kurumasimulator\x64\release\imgui.obj
c:\users\muras\desktop\kurumasim\kurumasimulator\x64\release\car.obj
c:\users\muras\desktop\kurumasim\kurumasimulator\x64\release\differential.obj
c:\users\muras\desktop\kurumasim\kurumasimulator\x64\release\engine.obj
c:\users\muras\desktop\kurumasim\kurumasimulator\x64\release\envcamera.obj
c:\users\muras\desktop\kurumasim\kurumasimulator\x64\release\inputmanager.obj
c:\users\muras\desktop\kurumasim\kurumasimulator\x64\release\matrixvector.obj
c:\users\muras\desktop\kurumasim\kurumasimulator\x64\release\meter.obj
c:\users\muras\desktop\kurumasim\kurumasimulator\x64\release\scene.obj
c:\users\muras\desktop\kurumasim\kurumasimulator\x64\release\sky.obj
c:\users\muras\desktop\kurumasim\kurumasimulator\x64\release\suspension.obj
c:\users\muras\desktop\kurumasim\kurumasimulator\x64\release\imgui_demo.obj
c:\users\muras\desktop\kurumasim\kurumasimulator\x64\release\bodyrb.obj
c:\users\muras\desktop\kurumasim\kurumasimulator\x64\release\carselectscene.obj
c:\users\muras\desktop\kurumasim\kurumasimulator\x64\release\gamescene.obj
c:\users\muras\desktop\kurumasim\kurumasimulator\x64\release\rigidbody.obj
c:\users\muras\desktop\kurumasim\kurumasimulator\x64\release\setting.obj
c:\users\muras\desktop\kurumasim\kurumasimulator\x64\release\shadowcamera.obj
c:\users\muras\desktop\kurumasim\kurumasimulator\x64\release\smokemanager.obj
c:\users\muras\desktop\kurumasim\kurumasimulator\x64\release\enginesound.obj
c:\users\muras\desktop\kurumasim\shader\depthps.cso
c:\users\muras\desktop\kurumasim\shader\depthvs.cso
c:\users\muras\desktop\kurumasim\shader\fieldvs.cso
c:\users\muras\desktop\kurumasim\shader\iblps.cso
c:\users\muras\desktop\kurumasim\shader\iblvs.cso
c:\users\muras\desktop\kurumasim\shader\postps.cso
c:\users\muras\desktop\kurumasim\shader\postvs.cso
c:\users\muras\desktop\kurumasim\shader\shrinkblurps.cso
c:\users\muras\desktop\kurumasim\shader\shrinkblurvs.cso
c:\users\muras\desktop\kurumasim\shader\shrinkps.cso
c:\users\muras\desktop\kurumasim\shader\shrinkvs.cso
c:\users\muras\desktop\kurumasim\shader\skyps.cso
c:\users\muras\desktop\kurumasim\shader\skyvs.cso
c:\users\muras\desktop\kurumasim\shader\smokeps.cso
c:\users\muras\desktop\kurumasim\shader\smokevs.cso
c:\users\muras\desktop\kurumasim\shader\antialiasingps.cso
c:\users\muras\desktop\kurumasim\shader\antialiasingvs.cso
c:\users\muras\desktop\kurumasim\shader\uips.cso
c:\users\muras\desktop\kurumasim\shader\uivs.cso
c:\users\muras\desktop\kurumasim\shader\carps.cso
c:\users\muras\desktop\kurumasim\shader\fieldps.cso
c:\users\muras\desktop\kurumasim\shader\carvs.cso
c:\users\muras\desktop\kurumasim\kurumasimulator.exe
c:\users\muras\desktop\kurumasim\kurumasimulator.pdb
c:\users\muras\desktop\kurumasim\kurumasimulator\x64\release\kurumasimulator.ipdb
c:\users\muras\desktop\kurumasim\kurumasimulator\x64\release\kurumasimulator.iobj
c:\users\muras\desktop\kurumasim\\kurumasimulator.pdb
c:\users\muras\desktop\kurumasim\kurumasimulator\x64\release\kurumasimulator.tlog\cl.command.1.tlog
c:\users\muras\desktop\kurumasim\kurumasimulator\x64\release\kurumasimulator.tlog\cl.items.tlog
c:\users\muras\desktop\kurumasim\kurumasimulator\x64\release\kurumasimulator.tlog\cl.read.1.tlog
c:\users\muras\desktop\kurumasim\kurumasimulator\x64\release\kurumasimulator.tlog\cl.write.1.tlog
c:\users\muras\desktop\kurumasim\kurumasimulator\x64\release\kurumasimulator.tlog\fxc.command.1.tlog
c:\users\muras\desktop\kurumasim\kurumasimulator\x64\release\kurumasimulator.tlog\fxc.read.1.tlog
c:\users\muras\desktop\kurumasim\kurumasimulator\x64\release\kurumasimulator.tlog\fxc.write.1.tlog
c:\users\muras\desktop\kurumasim\kurumasimulator\x64\release\kurumasimulator.tlog\link.command.1.tlog
c:\users\muras\desktop\kurumasim\kurumasimulator\x64\release\kurumasimulator.tlog\link.read.1.tlog
c:\users\muras\desktop\kurumasim\kurumasimulator\x64\release\kurumasimulator.tlog\link.secondary.1.tlog
c:\users\muras\desktop\kurumasim\kurumasimulator\x64\release\kurumasimulator.tlog\link.write.1.tlog
